<?xml version="1.0" encoding="utf-8"?><testsuites name="pytest tests"><testsuite name="pytest" errors="0" failures="0" skipped="0" tests="68" time="75.499" timestamp="2026-05-24T14:30:06.064292+00:00" hostname="agent-env-4634e7cc-fa5c-4913-a3c9-6213430d66d7"><testcase classname="backend.tests.backend_test" name="test_root_health" time="0.512" /><testcase classname="backend.tests.backend_test.TestAuth" name="test_register_sets_cookie" time="1.707" /><testcase classname="backend.tests.backend_test.TestAuth" name="test_me_with_cookie" time="0.055" /><testcase classname="backend.tests.backend_test.TestAuth" name="test_me_without_cookie_returns_401" time="0.134" /><testcase classname="backend.tests.backend_test.TestAuth" name="test_admin_login" time="0.503" /><testcase classname="backend.tests.backend_test.TestAuth" name="test_login_invalid" time="0.461" /><testcase classname="backend.tests.backend_test.TestAuth" name="test_duplicate_register" time="0.177" /><testcase classname="backend.tests.backend_test.TestAuth" name="test_logout_clears_cookie" time="1.524" /><testcase classname="backend.tests.backend_test.TestMood" name="test_create_and_list_mood" time="0.139" /><testcase classname="backend.tests.backend_test.TestMood" name="test_invalid_mood_value" time="0.052" /><testcase classname="backend.tests.backend_test.TestMood" name="test_mood_requires_auth" time="0.187" /><testcase classname="backend.tests.backend_test.TestJournal" name="test_create_and_list_journal" time="0.108" /><testcase classname="backend.tests.backend_test.TestHealing" name="test_list_parks" time="0.149" /><testcase classname="backend.tests.backend_test.TestMeditations" name="test_list_meditations" time="0.148" /><testcase classname="backend.tests.backend_test.TestMeditations" name="test_get_meditation_detail" time="0.138" /><testcase classname="backend.tests.backend_test.TestMeditations" name="test_get_meditation_not_found" time="0.159" /><testcase classname="backend.tests.backend_test.TestDoctors" name="test_list_doctors_all" time="0.134" /><testcase classname="backend.tests.backend_test.TestDoctors" name="test_filter_doctors_anxiety" time="0.161" /><testcase classname="backend.tests.backend_test.TestBookingsAndChat" name="test_create_booking" time="0.058" /><testcase classname="backend.tests.backend_test.TestBookingsAndChat" name="test_booking_invalid_doctor" time="0.057" /><testcase classname="backend.tests.backend_test.TestBookingsAndChat" name="test_list_bookings" time="0.056" /><testcase classname="backend.tests.backend_test.TestBookingsAndChat" name="test_chat_forbidden_for_other_user" time="0.057" /><testcase classname="backend.tests.backend_test.TestBookingsAndChat" name="test_chat_send_and_history" time="7.203" /><testcase classname="backend.tests.backend_test.TestBookingsAndChat" name="test_chat_history_forbidden_other_user" time="0.062" /><testcase classname="backend.tests.backend_test.TestProfile" name="test_patch_profile_preferences_and_privacy" time="0.123" /><testcase classname="backend.tests.backend_test.TestProfile" name="test_add_and_remove_guardian" time="0.124" /><testcase classname="backend.tests.backend_test.TestSettings" name="test_patch_settings" time="0.071" /><testcase classname="backend.tests.test_iteration2.TestEmailVerification" name="test_register_does_not_auto_login_and_returns_dev_link" time="0.887" /><testcase classname="backend.tests.test_iteration2.TestEmailVerification" name="test_login_blocked_for_unverified_user" time="1.384" /><testcase classname="backend.tests.test_iteration2.TestEmailVerification" name="test_verify_email_success_then_login" time="1.569" /><testcase classname="backend.tests.test_iteration2.TestEmailVerification" name="test_verify_email_invalid_token" time="0.164" /><testcase classname="backend.tests.test_iteration2.TestEmailVerification" name="test_verify_email_empty_token" time="0.165" /><testcase classname="backend.tests.test_iteration2.TestEmailVerification" name="test_verify_email_already_used" time="1.131" /><testcase classname="backend.tests.test_iteration2.TestEmailVerification" name="test_resend_verification_issues_new_token_and_invalidates_old" time="1.509" /><testcase classname="backend.tests.test_iteration2.TestEmailVerification" name="test_resend_for_unknown_email_does_not_leak" time="0.182" /><testcase classname="backend.tests.test_iteration2.TestEmailVerification" name="test_resend_for_already_verified_returns_already_verified" time="0.980" /><testcase classname="backend.tests.test_iteration2.TestEmailVerification" name="test_admin_login_still_works_without_re_verification" time="0.612" /><testcase classname="backend.tests.test_iteration2.TestHealingParksGeo" name="test_parks_with_geolocation_sorted_by_distance" time="0.175" /><testcase classname="backend.tests.test_iteration2.TestHealingParksGeo" name="test_parks_without_geolocation_no_distance_km" time="0.166" /><testcase classname="backend.tests.test_iteration2.TestWebSocketChat" name="test_websocket_no_auth_closes_1008" time="1.755" /><testcase classname="backend.tests.test_iteration2.TestWebSocketChat" name="test_websocket_wrong_booking_id_closes" time="0.232" /><testcase classname="backend.tests.test_iteration2.TestWebSocketChat" name="test_websocket_ping_pong" time="0.335" /><testcase classname="backend.tests.test_iteration2.TestWebSocketChat" name="test_websocket_streaming_ai_response" time="8.113" /><testcase classname="backend.tests.test_iteration3.TestWeeklyInsightsAuth" name="test_get_insights_requires_auth" time="0.294" /><testcase classname="backend.tests.test_iteration3.TestWeeklyInsightsAuth" name="test_post_insights_requires_auth" time="0.267" /><testcase classname="backend.tests.test_iteration3.TestWeeklyInsightsFlow" name="test_01_get_before_generation_returns_null_insight_with_stats" time="1.729" /><testcase classname="backend.tests.test_iteration3.TestWeeklyInsightsFlow" name="test_02_post_with_empty_history_returns_400" time="0.069" /><testcase classname="backend.tests.test_iteration3.TestWeeklyInsightsFlow" name="test_03_post_after_seeding_returns_insight" time="16.032" /><testcase classname="backend.tests.test_iteration3.TestWeeklyInsightsFlow" name="test_04_get_after_generation_returns_cached" time="0.086" /><testcase classname="backend.tests.test_iteration3.TestWeeklyInsightsFlow" name="test_05_post_second_time_persists_new_doc" time="1.351" /><testcase classname="backend.tests.test_iteration3.TestWeeklyInsightsIsolation" name="test_user_b_has_no_insights_after_user_a_generated" time="1.579" /><testcase classname="backend.tests.test_iteration3.TestWeeklyInsightsIsolation" name="test_user_b_post_without_history_still_400" time="0.082" /><testcase classname="backend.tests.test_iteration4.TestMoodResponseShape" name="test_mood_without_note_returns_null_journal_entry" time="1.419" /><testcase classname="backend.tests.test_iteration4.TestMoodResponseShape" name="test_mood_with_note_mirrors_to_journal" time="0.144" /><testcase classname="backend.tests.test_iteration4.TestMoodResponseShape" name="test_mood_anxious_with_distress_note_attaches_ai" time="4.313" /><testcase classname="backend.tests.test_iteration4.TestJournalAIAttachment" name="test_journal_with_distress_content_attaches_ai" time="5.209" /><testcase classname="backend.tests.test_iteration4.TestJournalAIAttachment" name="test_journal_neutral_content_no_ai" time="0.057" /><testcase classname="backend.tests.test_iteration4.TestJournalAIAttachment" name="test_manual_ai_response_generation" time="5.145" /><testcase classname="backend.tests.test_iteration4.TestJournalAIAttachment" name="test_manual_ai_response_wrong_id_404" time="0.065" /><testcase classname="backend.tests.test_iteration4.TestJournalAIAttachment" name="test_manual_ai_response_requires_auth" time="0.252" /><testcase classname="backend.tests.test_iteration4.TestHealingParksSearch" name="test_search_by_name_case_insensitive" time="0.159" /><testcase classname="backend.tests.test_iteration4.TestHealingParksSearch" name="test_search_no_match_returns_empty" time="0.243" /><testcase classname="backend.tests.test_iteration4.TestHealingParksSearch" name="test_list_parks_unauth_has_no_bookmarked" time="0.147" /><testcase classname="backend.tests.test_iteration4.TestHealingParksSearch" name="test_list_parks_auth_has_bookmarked_field" time="1.371" /><testcase classname="backend.tests.test_iteration4.TestHealingBookmarks" name="test_toggle_bookmark_on_and_off" time="0.578" /><testcase classname="backend.tests.test_iteration4.TestHealingBookmarks" name="test_bookmark_invalid_park_404" time="0.072" /><testcase classname="backend.tests.test_iteration4.TestHealingBookmarks" name="test_bookmarks_isolated_per_user" time="0.270" /><testcase classname="backend.tests.test_iteration4.TestHealingBookmarks" name="test_bookmarks_require_auth" time="0.324" /></testsuite></testsuites>