<?xml version="1.0" encoding="utf-8"?><testsuites name="pytest tests"><testsuite name="pytest" errors="0" failures="0" skipped="0" tests="16" time="18.913" timestamp="2026-05-24T14:27:51.748688+00:00" hostname="agent-env-4634e7cc-fa5c-4913-a3c9-6213430d66d7"><testcase classname="backend.tests.test_iteration4.TestMoodResponseShape" name="test_mood_without_note_returns_null_journal_entry" time="1.599" /><testcase classname="backend.tests.test_iteration4.TestMoodResponseShape" name="test_mood_with_note_mirrors_to_journal" time="0.128" /><testcase classname="backend.tests.test_iteration4.TestMoodResponseShape" name="test_mood_anxious_with_distress_note_attaches_ai" time="5.074" /><testcase classname="backend.tests.test_iteration4.TestJournalAIAttachment" name="test_journal_with_distress_content_attaches_ai" time="3.740" /><testcase classname="backend.tests.test_iteration4.TestJournalAIAttachment" name="test_journal_neutral_content_no_ai" time="0.059" /><testcase classname="backend.tests.test_iteration4.TestJournalAIAttachment" name="test_manual_ai_response_generation" time="5.147" /><testcase classname="backend.tests.test_iteration4.TestJournalAIAttachment" name="test_manual_ai_response_wrong_id_404" time="0.061" /><testcase classname="backend.tests.test_iteration4.TestJournalAIAttachment" name="test_manual_ai_response_requires_auth" time="0.174" /><testcase classname="backend.tests.test_iteration4.TestHealingParksSearch" name="test_search_by_name_case_insensitive" time="0.150" /><testcase classname="backend.tests.test_iteration4.TestHealingParksSearch" name="test_search_no_match_returns_empty" time="0.195" /><testcase classname="backend.tests.test_iteration4.TestHealingParksSearch" name="test_list_parks_unauth_has_no_bookmarked" time="0.123" /><testcase classname="backend.tests.test_iteration4.TestHealingParksSearch" name="test_list_parks_auth_has_bookmarked_field" time="1.328" /><testcase classname="backend.tests.test_iteration4.TestHealingBookmarks" name="test_toggle_bookmark_on_and_off" time="0.335" /><testcase classname="backend.tests.test_iteration4.TestHealingBookmarks" name="test_bookmark_invalid_park_404" time="0.068" /><testcase classname="backend.tests.test_iteration4.TestHealingBookmarks" name="test_bookmarks_isolated_per_user" time="0.265" /><testcase classname="backend.tests.test_iteration4.TestHealingBookmarks" name="test_bookmarks_require_auth" time="0.294" /></testsuite></testsuites>