<?xml version="1.0" encoding="utf-8"?><testsuites name="pytest tests"><testsuite name="pytest" errors="0" failures="0" skipped="0" tests="16" time="21.549" timestamp="2026-05-24T11:37:42.380037+00:00" hostname="agent-env-4634e7cc-fa5c-4913-a3c9-6213430d66d7"><testcase classname="backend.tests.test_iteration2.TestEmailVerification" name="test_register_does_not_auto_login_and_returns_dev_link" time="2.836" /><testcase classname="backend.tests.test_iteration2.TestEmailVerification" name="test_login_blocked_for_unverified_user" time="1.291" /><testcase classname="backend.tests.test_iteration2.TestEmailVerification" name="test_verify_email_success_then_login" time="1.467" /><testcase classname="backend.tests.test_iteration2.TestEmailVerification" name="test_verify_email_invalid_token" time="0.235" /><testcase classname="backend.tests.test_iteration2.TestEmailVerification" name="test_verify_email_empty_token" time="0.148" /><testcase classname="backend.tests.test_iteration2.TestEmailVerification" name="test_verify_email_already_used" time="1.082" /><testcase classname="backend.tests.test_iteration2.TestEmailVerification" name="test_resend_verification_issues_new_token_and_invalidates_old" time="1.578" /><testcase classname="backend.tests.test_iteration2.TestEmailVerification" name="test_resend_for_unknown_email_does_not_leak" time="0.162" /><testcase classname="backend.tests.test_iteration2.TestEmailVerification" name="test_resend_for_already_verified_returns_already_verified" time="1.067" /><testcase classname="backend.tests.test_iteration2.TestEmailVerification" name="test_admin_login_still_works_without_re_verification" time="0.569" /><testcase classname="backend.tests.test_iteration2.TestHealingParksGeo" name="test_parks_with_geolocation_sorted_by_distance" time="0.167" /><testcase classname="backend.tests.test_iteration2.TestHealingParksGeo" name="test_parks_without_geolocation_no_distance_km" time="0.210" /><testcase classname="backend.tests.test_iteration2.TestWebSocketChat" name="test_websocket_no_auth_closes_1008" time="1.918" /><testcase classname="backend.tests.test_iteration2.TestWebSocketChat" name="test_websocket_wrong_booking_id_closes" time="0.284" /><testcase classname="backend.tests.test_iteration2.TestWebSocketChat" name="test_websocket_ping_pong" time="0.260" /><testcase classname="backend.tests.test_iteration2.TestWebSocketChat" name="test_websocket_streaming_ai_response" time="7.620" /></testsuite></testsuites>