<?xml version="1.0" encoding="utf-8"?><testsuites name="pytest tests"><testsuite name="pytest" errors="0" failures="0" skipped="0" tests="52" time="50.363" timestamp="2026-05-24T12:30:04.694674+00:00" hostname="agent-env-4634e7cc-fa5c-4913-a3c9-6213430d66d7"><testcase classname="backend.tests.backend_test" name="test_root_health" time="0.171" /><testcase classname="backend.tests.backend_test.TestAuth" name="test_register_sets_cookie" time="1.196" /><testcase classname="backend.tests.backend_test.TestAuth" name="test_me_with_cookie" time="0.057" /><testcase classname="backend.tests.backend_test.TestAuth" name="test_me_without_cookie_returns_401" time="0.123" /><testcase classname="backend.tests.backend_test.TestAuth" name="test_admin_login" time="0.473" /><testcase classname="backend.tests.backend_test.TestAuth" name="test_login_invalid" time="0.415" /><testcase classname="backend.tests.backend_test.TestAuth" name="test_duplicate_register" time="0.131" /><testcase classname="backend.tests.backend_test.TestAuth" name="test_logout_clears_cookie" time="2.318" /><testcase classname="backend.tests.backend_test.TestMood" name="test_create_and_list_mood" time="0.115" /><testcase classname="backend.tests.backend_test.TestMood" name="test_invalid_mood_value" time="0.055" /><testcase classname="backend.tests.backend_test.TestMood" name="test_mood_requires_auth" time="0.200" /><testcase classname="backend.tests.backend_test.TestJournal" name="test_create_and_list_journal" time="0.125" /><testcase classname="backend.tests.backend_test.TestHealing" name="test_list_parks" time="0.122" /><testcase classname="backend.tests.backend_test.TestMeditations" name="test_list_meditations" time="0.125" /><testcase classname="backend.tests.backend_test.TestMeditations" name="test_get_meditation_detail" time="0.127" /><testcase classname="backend.tests.backend_test.TestMeditations" name="test_get_meditation_not_found" time="0.191" /><testcase classname="backend.tests.backend_test.TestDoctors" name="test_list_doctors_all" time="0.122" /><testcase classname="backend.tests.backend_test.TestDoctors" name="test_filter_doctors_anxiety" time="0.133" /><testcase classname="backend.tests.backend_test.TestBookingsAndChat" name="test_create_booking" time="0.068" /><testcase classname="backend.tests.backend_test.TestBookingsAndChat" name="test_booking_invalid_doctor" time="0.058" /><testcase classname="backend.tests.backend_test.TestBookingsAndChat" name="test_list_bookings" time="0.055" /><testcase classname="backend.tests.backend_test.TestBookingsAndChat" name="test_chat_forbidden_for_other_user" time="0.059" /><testcase classname="backend.tests.backend_test.TestBookingsAndChat" name="test_chat_send_and_history" time="7.891" /><testcase classname="backend.tests.backend_test.TestBookingsAndChat" name="test_chat_history_forbidden_other_user" time="0.056" /><testcase classname="backend.tests.backend_test.TestProfile" name="test_patch_profile_preferences_and_privacy" time="0.115" /><testcase classname="backend.tests.backend_test.TestProfile" name="test_add_and_remove_guardian" time="0.141" /><testcase classname="backend.tests.backend_test.TestSettings" name="test_patch_settings" time="0.085" /><testcase classname="backend.tests.test_iteration2.TestEmailVerification" name="test_register_does_not_auto_login_and_returns_dev_link" time="0.840" /><testcase classname="backend.tests.test_iteration2.TestEmailVerification" name="test_login_blocked_for_unverified_user" time="1.054" /><testcase classname="backend.tests.test_iteration2.TestEmailVerification" name="test_verify_email_success_then_login" time="1.271" /><testcase classname="backend.tests.test_iteration2.TestEmailVerification" name="test_verify_email_invalid_token" time="0.133" /><testcase classname="backend.tests.test_iteration2.TestEmailVerification" name="test_verify_email_empty_token" time="0.137" /><testcase classname="backend.tests.test_iteration2.TestEmailVerification" name="test_verify_email_already_used" time="0.919" /><testcase classname="backend.tests.test_iteration2.TestEmailVerification" name="test_resend_verification_issues_new_token_and_invalidates_old" time="1.314" /><testcase classname="backend.tests.test_iteration2.TestEmailVerification" name="test_resend_for_unknown_email_does_not_leak" time="0.136" /><testcase classname="backend.tests.test_iteration2.TestEmailVerification" name="test_resend_for_already_verified_returns_already_verified" time="0.923" /><testcase classname="backend.tests.test_iteration2.TestEmailVerification" name="test_admin_login_still_works_without_re_verification" time="0.476" /><testcase classname="backend.tests.test_iteration2.TestHealingParksGeo" name="test_parks_with_geolocation_sorted_by_distance" time="0.136" /><testcase classname="backend.tests.test_iteration2.TestHealingParksGeo" name="test_parks_without_geolocation_no_distance_km" time="0.138" /><testcase classname="backend.tests.test_iteration2.TestWebSocketChat" name="test_websocket_no_auth_closes_1008" time="1.590" /><testcase classname="backend.tests.test_iteration2.TestWebSocketChat" name="test_websocket_wrong_booking_id_closes" time="0.207" /><testcase classname="backend.tests.test_iteration2.TestWebSocketChat" name="test_websocket_ping_pong" time="0.266" /><testcase classname="backend.tests.test_iteration2.TestWebSocketChat" name="test_websocket_streaming_ai_response" time="7.886" /><testcase classname="backend.tests.test_iteration3.TestWeeklyInsightsAuth" name="test_get_insights_requires_auth" time="0.170" /><testcase classname="backend.tests.test_iteration3.TestWeeklyInsightsAuth" name="test_post_insights_requires_auth" time="0.140" /><testcase classname="backend.tests.test_iteration3.TestWeeklyInsightsFlow" name="test_01_get_before_generation_returns_null_insight_with_stats" time="1.308" /><testcase classname="backend.tests.test_iteration3.TestWeeklyInsightsFlow" name="test_02_post_with_empty_history_returns_400" time="0.062" /><testcase classname="backend.tests.test_iteration3.TestWeeklyInsightsFlow" name="test_03_post_after_seeding_returns_insight" time="6.942" /><testcase classname="backend.tests.test_iteration3.TestWeeklyInsightsFlow" name="test_04_get_after_generation_returns_cached" time="0.086" /><testcase classname="backend.tests.test_iteration3.TestWeeklyInsightsFlow" name="test_05_post_second_time_persists_new_doc" time="7.781" /><testcase classname="backend.tests.test_iteration3.TestWeeklyInsightsIsolation" name="test_user_b_has_no_insights_after_user_a_generated" time="1.409" /><testcase classname="backend.tests.test_iteration3.TestWeeklyInsightsIsolation" name="test_user_b_post_without_history_still_400" time="0.067" /></testsuite></testsuites>