<?xml version="1.0" encoding="utf-8"?><testsuites name="pytest tests"><testsuite name="pytest" errors="0" failures="0" skipped="0" tests="9" time="19.082" timestamp="2026-05-24T12:29:40.435462+00:00" hostname="agent-env-4634e7cc-fa5c-4913-a3c9-6213430d66d7"><testcase classname="backend.tests.test_iteration3.TestWeeklyInsightsAuth" name="test_get_insights_requires_auth" time="0.177" /><testcase classname="backend.tests.test_iteration3.TestWeeklyInsightsAuth" name="test_post_insights_requires_auth" time="0.150" /><testcase classname="backend.tests.test_iteration3.TestWeeklyInsightsFlow" name="test_01_get_before_generation_returns_null_insight_with_stats" time="1.364" /><testcase classname="backend.tests.test_iteration3.TestWeeklyInsightsFlow" name="test_02_post_with_empty_history_returns_400" time="0.057" /><testcase classname="backend.tests.test_iteration3.TestWeeklyInsightsFlow" name="test_03_post_after_seeding_returns_insight" time="7.332" /><testcase classname="backend.tests.test_iteration3.TestWeeklyInsightsFlow" name="test_04_get_after_generation_returns_cached" time="0.059" /><testcase classname="backend.tests.test_iteration3.TestWeeklyInsightsFlow" name="test_05_post_second_time_persists_new_doc" time="8.460" /><testcase classname="backend.tests.test_iteration3.TestWeeklyInsightsIsolation" name="test_user_b_has_no_insights_after_user_a_generated" time="1.268" /><testcase classname="backend.tests.test_iteration3.TestWeeklyInsightsIsolation" name="test_user_b_post_without_history_still_400" time="0.057" /></testsuite></testsuites>