<?xml version="1.0" encoding="utf-8"?><testsuites name="pytest tests"><testsuite name="pytest" errors="0" failures="0" skipped="0" tests="27" time="15.116" timestamp="2026-05-24T10:50:04.501153+00:00" hostname="agent-env-4634e7cc-fa5c-4913-a3c9-6213430d66d7"><testcase classname="backend.tests.backend_test" name="test_root_health" time="0.994" /><testcase classname="backend.tests.backend_test.TestAuth" name="test_register_sets_cookie" time="0.443" /><testcase classname="backend.tests.backend_test.TestAuth" name="test_me_with_cookie" time="0.061" /><testcase classname="backend.tests.backend_test.TestAuth" name="test_me_without_cookie_returns_401" time="0.125" /><testcase classname="backend.tests.backend_test.TestAuth" name="test_admin_login" time="0.471" /><testcase classname="backend.tests.backend_test.TestAuth" name="test_login_invalid" time="0.452" /><testcase classname="backend.tests.backend_test.TestAuth" name="test_duplicate_register" time="0.134" /><testcase classname="backend.tests.backend_test.TestAuth" name="test_logout_clears_cookie" time="0.563" /><testcase classname="backend.tests.backend_test.TestMood" name="test_create_and_list_mood" time="0.117" /><testcase classname="backend.tests.backend_test.TestMood" name="test_invalid_mood_value" time="0.051" /><testcase classname="backend.tests.backend_test.TestMood" name="test_mood_requires_auth" time="0.405" /><testcase classname="backend.tests.backend_test.TestJournal" name="test_create_and_list_journal" time="0.113" /><testcase classname="backend.tests.backend_test.TestHealing" name="test_list_parks" time="0.141" /><testcase classname="backend.tests.backend_test.TestMeditations" name="test_list_meditations" time="0.259" /><testcase classname="backend.tests.backend_test.TestMeditations" name="test_get_meditation_detail" time="0.208" /><testcase classname="backend.tests.backend_test.TestMeditations" name="test_get_meditation_not_found" time="0.515" /><testcase classname="backend.tests.backend_test.TestDoctors" name="test_list_doctors_all" time="0.497" /><testcase classname="backend.tests.backend_test.TestDoctors" name="test_filter_doctors_anxiety" time="0.147" /><testcase classname="backend.tests.backend_test.TestBookingsAndChat" name="test_create_booking" time="0.057" /><testcase classname="backend.tests.backend_test.TestBookingsAndChat" name="test_booking_invalid_doctor" time="0.056" /><testcase classname="backend.tests.backend_test.TestBookingsAndChat" name="test_list_bookings" time="0.057" /><testcase classname="backend.tests.backend_test.TestBookingsAndChat" name="test_chat_forbidden_for_other_user" time="0.060" /><testcase classname="backend.tests.backend_test.TestBookingsAndChat" name="test_chat_send_and_history" time="8.375" /><testcase classname="backend.tests.backend_test.TestBookingsAndChat" name="test_chat_history_forbidden_other_user" time="0.057" /><testcase classname="backend.tests.backend_test.TestProfile" name="test_patch_profile_preferences_and_privacy" time="0.121" /><testcase classname="backend.tests.backend_test.TestProfile" name="test_add_and_remove_guardian" time="0.127" /><testcase classname="backend.tests.backend_test.TestSettings" name="test_patch_settings" time="0.057" /></testsuite></testsuites>